<?xml version="1.0" encoding="UTF-8"?>
<robot generator="Robot 6.1.1 (Python 3.11.5 on win32)" generated="20230828 01:02:39.502" rpa="false" schemaversion="4">
<suite id="s1" name="HomePage" source="C:\narmada\Robotframework\ZalondoTC\HomePage.robot">
<kw name="Open browser landing page" library="Resource" type="SETUP">
<kw name="Open Browser" library="SeleniumLibrary">
<arg>${url}</arg>
<arg>${Browser}</arg>
<doc>Opens a new browser instance to the optional ``url``.</doc>
<msg timestamp="20230828 01:02:39.784" level="INFO">Opening browser 'Chrome' to base url 'https://www.zalando.se/kvinna-home/'.</msg>
<status status="PASS" starttime="20230828 01:02:39.783" endtime="20230828 01:02:45.132"/>
</kw>
<kw name="Sleep" library="BuiltIn">
<arg>2</arg>
<doc>Pauses the test executed for the given time.</doc>
<msg timestamp="20230828 01:02:47.133" level="INFO">Slept 2 seconds</msg>
<status status="PASS" starttime="20230828 01:02:45.132" endtime="20230828 01:02:47.133"/>
</kw>
<kw name="Maximize Browser Window" library="SeleniumLibrary">
<doc>Maximizes current browser window.</doc>
<status status="PASS" starttime="20230828 01:02:47.133" endtime="20230828 01:02:47.966"/>
</kw>
<kw name="Set Browser Implicit Wait" library="SeleniumLibrary">
<arg>4</arg>
<doc>Sets the implicit wait value used by Selenium.</doc>
<status status="PASS" starttime="20230828 01:02:47.967" endtime="20230828 01:02:47.971"/>
</kw>
<status status="PASS" starttime="20230828 01:02:39.783" endtime="20230828 01:02:47.971"/>
</kw>
<test id="s1-t1" name="GetTheHeaderMenuList" line="10">
<kw name="Accept cookies" library="Resource">
<kw name="Wait Until Page Contains Element" library="SeleniumLibrary">
<arg>xpath://button[@id='uc-btn-accept-banner']</arg>
<doc>Waits until the element ``locator`` appears on the current page.</doc>
<status status="PASS" starttime="20230828 01:02:47.974" endtime="20230828 01:02:48.063"/>
</kw>
<kw name="Click Element" library="SeleniumLibrary">
<arg>xpath://button[@id='uc-btn-accept-banner']</arg>
<doc>Click the element identified by ``locator``.</doc>
<msg timestamp="20230828 01:02:48.066" level="INFO">Clicking element 'xpath://button[@id='uc-btn-accept-banner']'.</msg>
<status status="PASS" starttime="20230828 01:02:48.064" endtime="20230828 01:02:48.720"/>
</kw>
<status status="PASS" starttime="20230828 01:02:47.973" endtime="20230828 01:02:48.720"/>
</kw>
<kw name="Location Should Be" library="SeleniumLibrary">
<arg>${url}</arg>
<doc>Verifies that the current URL is exactly ``url``.</doc>
<msg timestamp="20230828 01:02:50.462" level="INFO">Current location is 'https://www.zalando.se/kvinna-home/'.</msg>
<status status="PASS" starttime="20230828 01:02:48.721" endtime="20230828 01:02:50.462"/>
</kw>
<kw name="Get WebElements" library="SeleniumLibrary">
<var>${Header_menu}</var>
<arg>xpath://body/div[4]/div[1]/x-wrapper-pre-shell[1]/x-wrapper-re-1-9[1]/div[1]/div[1]/div[1]/div[1]/div[1]/div[1]/div[1]/nav[1]</arg>
<doc>Returns a list of WebElement objects matching the ``locator``.</doc>
<msg timestamp="20230828 01:02:50.574" level="INFO">${Header_menu} = [&lt;selenium.webdriver.remote.webelement.WebElement (session="4e6a1db9c756f43bc57e7d43f1cd2ac9", element="A56F0FFA96115953D613409983444719_element_83")&gt;]</msg>
<status status="PASS" starttime="20230828 01:02:50.464" endtime="20230828 01:02:50.574"/>
</kw>
<kw name="Create List" library="BuiltIn">
<var>${menu_list}</var>
<doc>Returns a list containing given items.</doc>
<msg timestamp="20230828 01:02:50.575" level="INFO">${menu_list} = []</msg>
<status status="PASS" starttime="20230828 01:02:50.575" endtime="20230828 01:02:50.575"/>
</kw>
<for flavor="IN">
<var>${element}</var>
<value>@{Header_menu}</value>
<iter>
<var name="${element}">&lt;selenium.webdriver.remote.webelement.WebElement (session="4e6a1db9c756f43bc57e7d43f1cd2ac9", element="A56F0FFA96115953D613409983444719_element_83")&gt;</var>
<kw name="Get Text" library="SeleniumLibrary">
<var>${text}</var>
<arg>${element}</arg>
<doc>Returns the text value of the element identified by ``locator``.</doc>
<msg timestamp="20230828 01:02:50.667" level="INFO">${text} = Kvinna
Man
Barn</msg>
<status status="PASS" starttime="20230828 01:02:50.576" endtime="20230828 01:02:50.667"/>
</kw>
<kw name="Append To List" library="Collections">
<arg>${menu_list}</arg>
<arg>${text}</arg>
<doc>Adds ``values`` to the end of ``list``.</doc>
<status status="PASS" starttime="20230828 01:02:50.668" endtime="20230828 01:02:50.669"/>
</kw>
<status status="PASS" starttime="20230828 01:02:50.576" endtime="20230828 01:02:50.669"/>
</iter>
<status status="PASS" starttime="20230828 01:02:50.575" endtime="20230828 01:02:50.669"/>
</for>
<kw name="Log To Console" library="BuiltIn">
<arg>${text}</arg>
<doc>Logs the given message to the console.</doc>
<status status="PASS" starttime="20230828 01:02:50.670" endtime="20230828 01:02:50.671"/>
</kw>
<kw name="Log To Console" library="BuiltIn">
<arg>${menu_list}</arg>
<doc>Logs the given message to the console.</doc>
<status status="PASS" starttime="20230828 01:02:50.672" endtime="20230828 01:02:50.673"/>
</kw>
<kw name="Close Browser" library="SeleniumLibrary" type="TEARDOWN">
<doc>Closes the current browser.</doc>
<status status="PASS" starttime="20230828 01:02:50.674" endtime="20230828 01:02:53.371"/>
</kw>
<status status="PASS" starttime="20230828 01:02:47.971" endtime="20230828 01:02:53.372"/>
</test>
<status status="PASS" starttime="20230828 01:02:39.505" endtime="20230828 01:02:53.377"/>
</suite>
<statistics>
<total>
<stat pass="1" fail="0" skip="0">All Tests</stat>
</total>
<tag>
</tag>
<suite>
<stat pass="1" fail="0" skip="0" id="s1" name="HomePage">HomePage</stat>
</suite>
</statistics>
<errors>
</errors>
</robot>
